{"D:\\EcoVerse\\EcoVerse\\lib\\rewards-system.ts": {"path":"D:\\EcoVerse\\EcoVerse\\lib\\rewards-system.ts","all":false,"statementMap":{"0":{"start":{"line":1,"column":0},"end":{"line":1,"column":41}},"1":{"start":{"line":2,"column":0},"end":{"line":2,"column":0}},"2":{"start":{"line":3,"column":0},"end":{"line":3,"column":13}},"3":{"start":{"line":4,"column":0},"end":{"line":4,"column":21}},"4":{"start":{"line":5,"column":0},"end":{"line":5,"column":15}},"5":{"start":{"line":6,"column":0},"end":{"line":6,"column":8}},"6":{"start":{"line":7,"column":0},"end":{"line":7,"column":17}},"7":{"start":{"line":8,"column":0},"end":{"line":8,"column":23}},"8":{"start":{"line":9,"column":0},"end":{"line":9,"column":0}},"9":{"start":{"line":10,"column":0},"end":{"line":10,"column":75}},"10":{"start":{"line":11,"column":0},"end":{"line":11,"column":75}},"11":{"start":{"line":12,"column":0},"end":{"line":12,"column":68}},"12":{"start":{"line":13,"column":0},"end":{"line":13,"column":39}},"13":{"start":{"line":14,"column":0},"end":{"line":14,"column":33}},"14":{"start":{"line":15,"column":0},"end":{"line":15,"column":24}},"15":{"start":{"line":16,"column":0},"end":{"line":16,"column":23}},"16":{"start":{"line":17,"column":0},"end":{"line":17,"column":25}},"17":{"start":{"line":18,"column":0},"end":{"line":18,"column":17}},"18":{"start":{"line":19,"column":0},"end":{"line":19,"column":29}},"19":{"start":{"line":20,"column":0},"end":{"line":20,"column":27}},"20":{"start":{"line":21,"column":0},"end":{"line":21,"column":29}},"21":{"start":{"line":22,"column":0},"end":{"line":22,"column":18}},"22":{"start":{"line":23,"column":0},"end":{"line":23,"column":32}},"23":{"start":{"line":24,"column":0},"end":{"line":24,"column":36}},"24":{"start":{"line":25,"column":0},"end":{"line":25,"column":44}},"25":{"start":{"line":26,"column":0},"end":{"line":26,"column":1}},"26":{"start":{"line":27,"column":0},"end":{"line":27,"column":0}},"27":{"start":{"line":28,"column":0},"end":{"line":28,"column":30}},"28":{"start":{"line":29,"column":0},"end":{"line":29,"column":13}},"29":{"start":{"line":30,"column":0},"end":{"line":30,"column":15}},"30":{"start":{"line":31,"column":0},"end":{"line":31,"column":22}},"31":{"start":{"line":32,"column":0},"end":{"line":32,"column":47}},"32":{"start":{"line":33,"column":0},"end":{"line":33,"column":17}},"33":{"start":{"line":34,"column":0},"end":{"line":34,"column":15}},"34":{"start":{"line":35,"column":0},"end":{"line":35,"column":1}},"35":{"start":{"line":36,"column":0},"end":{"line":36,"column":0}},"36":{"start":{"line":37,"column":0},"end":{"line":37,"column":36}},"37":{"start":{"line":38,"column":0},"end":{"line":38,"column":30}},"38":{"start":{"line":39,"column":0},"end":{"line":39,"column":17}},"39":{"start":{"line":40,"column":0},"end":{"line":40,"column":42}},"40":{"start":{"line":41,"column":0},"end":{"line":41,"column":17}},"41":{"start":{"line":42,"column":0},"end":{"line":42,"column":22}},"42":{"start":{"line":43,"column":0},"end":{"line":43,"column":13}},"43":{"start":{"line":44,"column":0},"end":{"line":44,"column":21}},"44":{"start":{"line":45,"column":0},"end":{"line":45,"column":1}},"45":{"start":{"line":46,"column":0},"end":{"line":46,"column":0}},"46":{"start":{"line":47,"column":0},"end":{"line":47,"column":33}},"47":{"start":{"line":48,"column":0},"end":{"line":48,"column":13}},"48":{"start":{"line":49,"column":0},"end":{"line":49,"column":15}},"49":{"start":{"line":50,"column":0},"end":{"line":50,"column":22}},"50":{"start":{"line":51,"column":0},"end":{"line":51,"column":15}},"51":{"start":{"line":52,"column":0},"end":{"line":52,"column":15}},"52":{"start":{"line":53,"column":0},"end":{"line":53,"column":45}},"53":{"start":{"line":54,"column":0},"end":{"line":54,"column":21}},"54":{"start":{"line":55,"column":0},"end":{"line":55,"column":1}},"55":{"start":{"line":56,"column":0},"end":{"line":56,"column":0}},"56":{"start":{"line":57,"column":0},"end":{"line":57,"column":42}},"57":{"start":{"line":58,"column":0},"end":{"line":58,"column":35}},"58":{"start":{"line":59,"column":0},"end":{"line":59,"column":42}},"59":{"start":{"line":60,"column":0},"end":{"line":60,"column":68}},"60":{"start":{"line":61,"column":0},"end":{"line":61,"column":54}},"61":{"start":{"line":62,"column":0},"end":{"line":62,"column":45}},"62":{"start":{"line":63,"column":0},"end":{"line":63,"column":49}},"63":{"start":{"line":64,"column":0},"end":{"line":64,"column":37}},"64":{"start":{"line":65,"column":0},"end":{"line":65,"column":2}},"65":{"start":{"line":66,"column":0},"end":{"line":66,"column":0}},"66":{"start":{"line":67,"column":0},"end":{"line":67,"column":23}},"67":{"start":{"line":68,"column":0},"end":{"line":68,"column":30}},"68":{"start":{"line":69,"column":0},"end":{"line":69,"column":17}},"69":{"start":{"line":70,"column":0},"end":{"line":70,"column":17}},"70":{"start":{"line":71,"column":0},"end":{"line":71,"column":52}},"71":{"start":{"line":72,"column":0},"end":{"line":72,"column":59}},"72":{"start":{"line":73,"column":0},"end":{"line":73,"column":39}},"73":{"start":{"line":74,"column":0},"end":{"line":74,"column":52}},"74":{"start":{"line":75,"column":0},"end":{"line":75,"column":61}},"75":{"start":{"line":76,"column":0},"end":{"line":76,"column":67}},"76":{"start":{"line":77,"column":0},"end":{"line":77,"column":16}},"77":{"start":{"line":78,"column":0},"end":{"line":78,"column":37}},"78":{"start":{"line":79,"column":0},"end":{"line":79,"column":34}},"79":{"start":{"line":80,"column":0},"end":{"line":80,"column":2}},"80":{"start":{"line":81,"column":0},"end":{"line":81,"column":0}},"81":{"start":{"line":82,"column":0},"end":{"line":82,"column":46}},"82":{"start":{"line":83,"column":0},"end":{"line":83,"column":33}},"83":{"start":{"line":84,"column":0},"end":{"line":84,"column":15}},"84":{"start":{"line":85,"column":0},"end":{"line":85,"column":17}},"85":{"start":{"line":86,"column":0},"end":{"line":86,"column":17}},"86":{"start":{"line":87,"column":0},"end":{"line":87,"column":17}},"87":{"start":{"line":88,"column":0},"end":{"line":88,"column":18}},"88":{"start":{"line":89,"column":0},"end":{"line":89,"column":18}},"89":{"start":{"line":90,"column":0},"end":{"line":90,"column":18}},"90":{"start":{"line":91,"column":0},"end":{"line":91,"column":18}},"91":{"start":{"line":92,"column":0},"end":{"line":92,"column":18}},"92":{"start":{"line":93,"column":0},"end":{"line":93,"column":20}},"93":{"start":{"line":94,"column":0},"end":{"line":94,"column":20}},"94":{"start":{"line":95,"column":0},"end":{"line":95,"column":20}},"95":{"start":{"line":96,"column":0},"end":{"line":96,"column":20}},"96":{"start":{"line":97,"column":0},"end":{"line":97,"column":20}},"97":{"start":{"line":98,"column":0},"end":{"line":98,"column":32}},"98":{"start":{"line":99,"column":0},"end":{"line":99,"column":2}},"99":{"start":{"line":100,"column":0},"end":{"line":100,"column":0}},"100":{"start":{"line":101,"column":0},"end":{"line":101,"column":20}},"101":{"start":{"line":102,"column":0},"end":{"line":102,"column":52}},"102":{"start":{"line":103,"column":0},"end":{"line":103,"column":3}},"103":{"start":{"line":104,"column":0},"end":{"line":104,"column":25}},"104":{"start":{"line":105,"column":0},"end":{"line":105,"column":27}},"105":{"start":{"line":106,"column":0},"end":{"line":106,"column":16}},"106":{"start":{"line":107,"column":0},"end":{"line":107,"column":71}},"107":{"start":{"line":108,"column":0},"end":{"line":108,"column":14}},"108":{"start":{"line":109,"column":0},"end":{"line":109,"column":16}},"109":{"start":{"line":110,"column":0},"end":{"line":110,"column":22}},"110":{"start":{"line":111,"column":0},"end":{"line":111,"column":20}},"111":{"start":{"line":112,"column":0},"end":{"line":112,"column":4}},"112":{"start":{"line":113,"column":0},"end":{"line":113,"column":3}},"113":{"start":{"line":114,"column":0},"end":{"line":114,"column":31}},"114":{"start":{"line":115,"column":0},"end":{"line":115,"column":33}},"115":{"start":{"line":116,"column":0},"end":{"line":116,"column":68}},"116":{"start":{"line":117,"column":0},"end":{"line":117,"column":15}},"117":{"start":{"line":118,"column":0},"end":{"line":118,"column":15}},"118":{"start":{"line":119,"column":0},"end":{"line":119,"column":22}},"119":{"start":{"line":120,"column":0},"end":{"line":120,"column":20}},"120":{"start":{"line":121,"column":0},"end":{"line":121,"column":4}},"121":{"start":{"line":122,"column":0},"end":{"line":122,"column":3}},"122":{"start":{"line":123,"column":0},"end":{"line":123,"column":24}},"123":{"start":{"line":124,"column":0},"end":{"line":124,"column":26}},"124":{"start":{"line":125,"column":0},"end":{"line":125,"column":65}},"125":{"start":{"line":126,"column":0},"end":{"line":126,"column":14}},"126":{"start":{"line":127,"column":0},"end":{"line":127,"column":15}},"127":{"start":{"line":128,"column":0},"end":{"line":128,"column":25}},"128":{"start":{"line":129,"column":0},"end":{"line":129,"column":20}},"129":{"start":{"line":130,"column":0},"end":{"line":130,"column":4}},"130":{"start":{"line":131,"column":0},"end":{"line":131,"column":3}},"131":{"start":{"line":132,"column":0},"end":{"line":132,"column":29}},"132":{"start":{"line":133,"column":0},"end":{"line":133,"column":31}},"133":{"start":{"line":134,"column":0},"end":{"line":134,"column":75}},"134":{"start":{"line":135,"column":0},"end":{"line":135,"column":14}},"135":{"start":{"line":136,"column":0},"end":{"line":136,"column":15}},"136":{"start":{"line":137,"column":0},"end":{"line":137,"column":24}},"137":{"start":{"line":138,"column":0},"end":{"line":138,"column":20}},"138":{"start":{"line":139,"column":0},"end":{"line":139,"column":4}},"139":{"start":{"line":140,"column":0},"end":{"line":140,"column":3}},"140":{"start":{"line":141,"column":0},"end":{"line":141,"column":27}},"141":{"start":{"line":142,"column":0},"end":{"line":142,"column":29}},"142":{"start":{"line":143,"column":0},"end":{"line":143,"column":67}},"143":{"start":{"line":144,"column":0},"end":{"line":144,"column":14}},"144":{"start":{"line":145,"column":0},"end":{"line":145,"column":16}},"145":{"start":{"line":146,"column":0},"end":{"line":146,"column":24}},"146":{"start":{"line":147,"column":0},"end":{"line":147,"column":20}},"147":{"start":{"line":148,"column":0},"end":{"line":148,"column":4}},"148":{"start":{"line":149,"column":0},"end":{"line":149,"column":3}},"149":{"start":{"line":150,"column":0},"end":{"line":150,"column":24}},"150":{"start":{"line":151,"column":0},"end":{"line":151,"column":30}},"151":{"start":{"line":152,"column":0},"end":{"line":152,"column":63}},"152":{"start":{"line":153,"column":0},"end":{"line":153,"column":14}},"153":{"start":{"line":154,"column":0},"end":{"line":154,"column":14}},"154":{"start":{"line":155,"column":0},"end":{"line":155,"column":24}},"155":{"start":{"line":156,"column":0},"end":{"line":156,"column":20}},"156":{"start":{"line":157,"column":0},"end":{"line":157,"column":4}},"157":{"start":{"line":158,"column":0},"end":{"line":158,"column":2}},"158":{"start":{"line":159,"column":0},"end":{"line":159,"column":0}},"159":{"start":{"line":160,"column":0},"end":{"line":160,"column":35}},"160":{"start":{"line":161,"column":0},"end":{"line":161,"column":44}},"161":{"start":{"line":162,"column":0},"end":{"line":162,"column":3}},"162":{"start":{"line":163,"column":0},"end":{"line":163,"column":21}},"163":{"start":{"line":164,"column":0},"end":{"line":164,"column":24}},"164":{"start":{"line":165,"column":0},"end":{"line":165,"column":43}},"165":{"start":{"line":166,"column":0},"end":{"line":166,"column":55}},"166":{"start":{"line":167,"column":0},"end":{"line":167,"column":15}},"167":{"start":{"line":168,"column":0},"end":{"line":168,"column":15}},"168":{"start":{"line":169,"column":0},"end":{"line":169,"column":4}},"169":{"start":{"line":170,"column":0},"end":{"line":170,"column":3}},"170":{"start":{"line":171,"column":0},"end":{"line":171,"column":20}},"171":{"start":{"line":172,"column":0},"end":{"line":172,"column":28}},"172":{"start":{"line":173,"column":0},"end":{"line":173,"column":36}},"173":{"start":{"line":174,"column":0},"end":{"line":174,"column":56}},"174":{"start":{"line":175,"column":0},"end":{"line":175,"column":16}},"175":{"start":{"line":176,"column":0},"end":{"line":176,"column":15}},"176":{"start":{"line":177,"column":0},"end":{"line":177,"column":4}},"177":{"start":{"line":178,"column":0},"end":{"line":178,"column":3}},"178":{"start":{"line":179,"column":0},"end":{"line":179,"column":22}},"179":{"start":{"line":180,"column":0},"end":{"line":180,"column":24}},"180":{"start":{"line":181,"column":0},"end":{"line":181,"column":36}},"181":{"start":{"line":182,"column":0},"end":{"line":182,"column":56}},"182":{"start":{"line":183,"column":0},"end":{"line":183,"column":16}},"183":{"start":{"line":184,"column":0},"end":{"line":184,"column":15}},"184":{"start":{"line":185,"column":0},"end":{"line":185,"column":4}},"185":{"start":{"line":186,"column":0},"end":{"line":186,"column":3}},"186":{"start":{"line":187,"column":0},"end":{"line":187,"column":24}},"187":{"start":{"line":188,"column":0},"end":{"line":188,"column":24}},"188":{"start":{"line":189,"column":0},"end":{"line":189,"column":37}},"189":{"start":{"line":190,"column":0},"end":{"line":190,"column":57}},"190":{"start":{"line":191,"column":0},"end":{"line":191,"column":16}},"191":{"start":{"line":192,"column":0},"end":{"line":192,"column":15}},"192":{"start":{"line":193,"column":0},"end":{"line":193,"column":4}},"193":{"start":{"line":194,"column":0},"end":{"line":194,"column":3}},"194":{"start":{"line":195,"column":0},"end":{"line":195,"column":29}},"195":{"start":{"line":196,"column":0},"end":{"line":196,"column":24}},"196":{"start":{"line":197,"column":0},"end":{"line":197,"column":37}},"197":{"start":{"line":198,"column":0},"end":{"line":198,"column":57}},"198":{"start":{"line":199,"column":0},"end":{"line":199,"column":17}},"199":{"start":{"line":200,"column":0},"end":{"line":200,"column":15}},"200":{"start":{"line":201,"column":0},"end":{"line":201,"column":4}},"201":{"start":{"line":202,"column":0},"end":{"line":202,"column":3}},"202":{"start":{"line":203,"column":0},"end":{"line":203,"column":22}},"203":{"start":{"line":204,"column":0},"end":{"line":204,"column":25}},"204":{"start":{"line":205,"column":0},"end":{"line":205,"column":52}},"205":{"start":{"line":206,"column":0},"end":{"line":206,"column":54}},"206":{"start":{"line":207,"column":0},"end":{"line":207,"column":16}},"207":{"start":{"line":208,"column":0},"end":{"line":208,"column":15}},"208":{"start":{"line":209,"column":0},"end":{"line":209,"column":4}},"209":{"start":{"line":210,"column":0},"end":{"line":210,"column":3}},"210":{"start":{"line":211,"column":0},"end":{"line":211,"column":23}},"211":{"start":{"line":212,"column":0},"end":{"line":212,"column":29}},"212":{"start":{"line":213,"column":0},"end":{"line":213,"column":53}},"213":{"start":{"line":214,"column":0},"end":{"line":214,"column":55}},"214":{"start":{"line":215,"column":0},"end":{"line":215,"column":17}},"215":{"start":{"line":216,"column":0},"end":{"line":216,"column":15}},"216":{"start":{"line":217,"column":0},"end":{"line":217,"column":4}},"217":{"start":{"line":218,"column":0},"end":{"line":218,"column":3}},"218":{"start":{"line":219,"column":0},"end":{"line":219,"column":29}},"219":{"start":{"line":220,"column":0},"end":{"line":220,"column":26}},"220":{"start":{"line":221,"column":0},"end":{"line":221,"column":54}},"221":{"start":{"line":222,"column":0},"end":{"line":222,"column":56}},"222":{"start":{"line":223,"column":0},"end":{"line":223,"column":17}},"223":{"start":{"line":224,"column":0},"end":{"line":224,"column":15}},"224":{"start":{"line":225,"column":0},"end":{"line":225,"column":4}},"225":{"start":{"line":226,"column":0},"end":{"line":226,"column":3}},"226":{"start":{"line":227,"column":0},"end":{"line":227,"column":22}},"227":{"start":{"line":228,"column":0},"end":{"line":228,"column":24}},"228":{"start":{"line":229,"column":0},"end":{"line":229,"column":60}},"229":{"start":{"line":230,"column":0},"end":{"line":230,"column":24}},"230":{"start":{"line":231,"column":0},"end":{"line":231,"column":71}},"231":{"start":{"line":232,"column":0},"end":{"line":232,"column":16}},"232":{"start":{"line":233,"column":0},"end":{"line":233,"column":15}},"233":{"start":{"line":234,"column":0},"end":{"line":234,"column":4}},"234":{"start":{"line":235,"column":0},"end":{"line":235,"column":3}},"235":{"start":{"line":236,"column":0},"end":{"line":236,"column":27}},"236":{"start":{"line":237,"column":0},"end":{"line":237,"column":29}},"237":{"start":{"line":238,"column":0},"end":{"line":238,"column":60}},"238":{"start":{"line":239,"column":0},"end":{"line":239,"column":24}},"239":{"start":{"line":240,"column":0},"end":{"line":240,"column":70}},"240":{"start":{"line":241,"column":0},"end":{"line":241,"column":16}},"241":{"start":{"line":242,"column":0},"end":{"line":242,"column":15}},"242":{"start":{"line":243,"column":0},"end":{"line":243,"column":4}},"243":{"start":{"line":244,"column":0},"end":{"line":244,"column":3}},"244":{"start":{"line":245,"column":0},"end":{"line":245,"column":26}},"245":{"start":{"line":246,"column":0},"end":{"line":246,"column":28}},"246":{"start":{"line":247,"column":0},"end":{"line":247,"column":60}},"247":{"start":{"line":248,"column":0},"end":{"line":248,"column":24}},"248":{"start":{"line":249,"column":0},"end":{"line":249,"column":71}},"249":{"start":{"line":250,"column":0},"end":{"line":250,"column":16}},"250":{"start":{"line":251,"column":0},"end":{"line":251,"column":15}},"251":{"start":{"line":252,"column":0},"end":{"line":252,"column":4}},"252":{"start":{"line":253,"column":0},"end":{"line":253,"column":3}},"253":{"start":{"line":254,"column":0},"end":{"line":254,"column":32}},"254":{"start":{"line":255,"column":0},"end":{"line":255,"column":34}},"255":{"start":{"line":256,"column":0},"end":{"line":256,"column":59}},"256":{"start":{"line":257,"column":0},"end":{"line":257,"column":26}},"257":{"start":{"line":258,"column":0},"end":{"line":258,"column":55}},"258":{"start":{"line":259,"column":0},"end":{"line":259,"column":41}},"259":{"start":{"line":260,"column":0},"end":{"line":260,"column":15}},"260":{"start":{"line":261,"column":0},"end":{"line":261,"column":34}},"261":{"start":{"line":262,"column":0},"end":{"line":262,"column":6}},"262":{"start":{"line":263,"column":0},"end":{"line":263,"column":16}},"263":{"start":{"line":264,"column":0},"end":{"line":264,"column":15}},"264":{"start":{"line":265,"column":0},"end":{"line":265,"column":4}},"265":{"start":{"line":266,"column":0},"end":{"line":266,"column":3}},"266":{"start":{"line":267,"column":0},"end":{"line":267,"column":18}},"267":{"start":{"line":268,"column":0},"end":{"line":268,"column":24}},"268":{"start":{"line":269,"column":0},"end":{"line":269,"column":33}},"269":{"start":{"line":270,"column":0},"end":{"line":270,"column":48}},"270":{"start":{"line":271,"column":0},"end":{"line":271,"column":16}},"271":{"start":{"line":272,"column":0},"end":{"line":272,"column":14}},"272":{"start":{"line":273,"column":0},"end":{"line":273,"column":4}},"273":{"start":{"line":274,"column":0},"end":{"line":274,"column":3}},"274":{"start":{"line":275,"column":0},"end":{"line":275,"column":19}},"275":{"start":{"line":276,"column":0},"end":{"line":276,"column":36}},"276":{"start":{"line":277,"column":0},"end":{"line":277,"column":34}},"277":{"start":{"line":278,"column":0},"end":{"line":278,"column":49}},"278":{"start":{"line":279,"column":0},"end":{"line":279,"column":17}},"279":{"start":{"line":280,"column":0},"end":{"line":280,"column":15}},"280":{"start":{"line":281,"column":0},"end":{"line":281,"column":4}},"281":{"start":{"line":282,"column":0},"end":{"line":282,"column":3}},"282":{"start":{"line":283,"column":0},"end":{"line":283,"column":19}},"283":{"start":{"line":284,"column":0},"end":{"line":284,"column":23}},"284":{"start":{"line":285,"column":0},"end":{"line":285,"column":46}},"285":{"start":{"line":286,"column":0},"end":{"line":286,"column":49}},"286":{"start":{"line":287,"column":0},"end":{"line":287,"column":17}},"287":{"start":{"line":288,"column":0},"end":{"line":288,"column":15}},"288":{"start":{"line":289,"column":0},"end":{"line":289,"column":4}},"289":{"start":{"line":290,"column":0},"end":{"line":290,"column":3}},"290":{"start":{"line":291,"column":0},"end":{"line":291,"column":29}},"291":{"start":{"line":292,"column":0},"end":{"line":292,"column":31}},"292":{"start":{"line":293,"column":0},"end":{"line":293,"column":44}},"293":{"start":{"line":294,"column":0},"end":{"line":294,"column":64}},"294":{"start":{"line":295,"column":0},"end":{"line":295,"column":17}},"295":{"start":{"line":296,"column":0},"end":{"line":296,"column":15}},"296":{"start":{"line":297,"column":0},"end":{"line":297,"column":4}},"297":{"start":{"line":298,"column":0},"end":{"line":298,"column":3}},"298":{"start":{"line":299,"column":0},"end":{"line":299,"column":24}},"299":{"start":{"line":300,"column":0},"end":{"line":300,"column":26}},"300":{"start":{"line":301,"column":0},"end":{"line":301,"column":54}},"301":{"start":{"line":302,"column":0},"end":{"line":302,"column":26}},"302":{"start":{"line":303,"column":0},"end":{"line":303,"column":74}},"303":{"start":{"line":304,"column":0},"end":{"line":304,"column":34}},"304":{"start":{"line":305,"column":0},"end":{"line":305,"column":6}},"305":{"start":{"line":306,"column":0},"end":{"line":306,"column":16}},"306":{"start":{"line":307,"column":0},"end":{"line":307,"column":15}},"307":{"start":{"line":308,"column":0},"end":{"line":308,"column":4}},"308":{"start":{"line":309,"column":0},"end":{"line":309,"column":2}},"309":{"start":{"line":310,"column":0},"end":{"line":310,"column":0}},"310":{"start":{"line":311,"column":0},"end":{"line":311,"column":72}},"311":{"start":{"line":312,"column":0},"end":{"line":312,"column":36}},"312":{"start":{"line":313,"column":0},"end":{"line":313,"column":25}},"313":{"start":{"line":314,"column":0},"end":{"line":314,"column":23}},"314":{"start":{"line":315,"column":0},"end":{"line":315,"column":22}},"315":{"start":{"line":316,"column":0},"end":{"line":316,"column":28}},"316":{"start":{"line":317,"column":0},"end":{"line":317,"column":4}},"317":{"start":{"line":318,"column":0},"end":{"line":318,"column":17}},"318":{"start":{"line":319,"column":0},"end":{"line":319,"column":20}},"319":{"start":{"line":320,"column":0},"end":{"line":320,"column":23}},"320":{"start":{"line":321,"column":0},"end":{"line":321,"column":3}},"321":{"start":{"line":322,"column":0},"end":{"line":322,"column":17}},"322":{"start":{"line":323,"column":0},"end":{"line":323,"column":31}},"323":{"start":{"line":324,"column":0},"end":{"line":324,"column":0}},"324":{"start":{"line":325,"column":0},"end":{"line":325,"column":56}},"325":{"start":{"line":326,"column":0},"end":{"line":326,"column":21}},"326":{"start":{"line":327,"column":0},"end":{"line":327,"column":18}},"327":{"start":{"line":328,"column":0},"end":{"line":328,"column":73}},"328":{"start":{"line":329,"column":0},"end":{"line":329,"column":0}},"329":{"start":{"line":330,"column":0},"end":{"line":330,"column":29}},"330":{"start":{"line":331,"column":0},"end":{"line":331,"column":20}},"331":{"start":{"line":332,"column":0},"end":{"line":332,"column":39}},"332":{"start":{"line":333,"column":0},"end":{"line":333,"column":74}},"333":{"start":{"line":334,"column":0},"end":{"line":334,"column":10}},"334":{"start":{"line":335,"column":0},"end":{"line":335,"column":39}},"335":{"start":{"line":336,"column":0},"end":{"line":336,"column":68}},"336":{"start":{"line":337,"column":0},"end":{"line":337,"column":3}},"337":{"start":{"line":338,"column":0},"end":{"line":338,"column":0}},"338":{"start":{"line":339,"column":0},"end":{"line":339,"column":38}},"339":{"start":{"line":340,"column":0},"end":{"line":340,"column":29}},"340":{"start":{"line":341,"column":0},"end":{"line":341,"column":49}},"341":{"start":{"line":342,"column":0},"end":{"line":342,"column":17}},"342":{"start":{"line":343,"column":0},"end":{"line":343,"column":87}},"343":{"start":{"line":344,"column":0},"end":{"line":344,"column":6}},"344":{"start":{"line":345,"column":0},"end":{"line":345,"column":36}},"345":{"start":{"line":346,"column":0},"end":{"line":346,"column":44}},"346":{"start":{"line":347,"column":0},"end":{"line":347,"column":17}},"347":{"start":{"line":348,"column":0},"end":{"line":348,"column":75}},"348":{"start":{"line":349,"column":0},"end":{"line":349,"column":6}},"349":{"start":{"line":350,"column":0},"end":{"line":350,"column":3}},"350":{"start":{"line":351,"column":0},"end":{"line":351,"column":0}},"351":{"start":{"line":352,"column":0},"end":{"line":352,"column":55}},"352":{"start":{"line":353,"column":0},"end":{"line":353,"column":24}},"353":{"start":{"line":354,"column":0},"end":{"line":354,"column":94}},"354":{"start":{"line":355,"column":0},"end":{"line":355,"column":26}},"355":{"start":{"line":356,"column":0},"end":{"line":356,"column":76}},"356":{"start":{"line":357,"column":0},"end":{"line":357,"column":3}},"357":{"start":{"line":358,"column":0},"end":{"line":358,"column":0}},"358":{"start":{"line":359,"column":0},"end":{"line":359,"column":22}},"359":{"start":{"line":360,"column":0},"end":{"line":360,"column":26}},"360":{"start":{"line":361,"column":0},"end":{"line":361,"column":40}},"361":{"start":{"line":362,"column":0},"end":{"line":362,"column":17}},"362":{"start":{"line":363,"column":0},"end":{"line":363,"column":68}},"363":{"start":{"line":364,"column":0},"end":{"line":364,"column":6}},"364":{"start":{"line":365,"column":0},"end":{"line":365,"column":3}},"365":{"start":{"line":366,"column":0},"end":{"line":366,"column":0}},"366":{"start":{"line":367,"column":0},"end":{"line":367,"column":42}},"367":{"start":{"line":368,"column":0},"end":{"line":368,"column":1}},"368":{"start":{"line":369,"column":0},"end":{"line":369,"column":0}},"369":{"start":{"line":370,"column":0},"end":{"line":370,"column":46}},"370":{"start":{"line":371,"column":0},"end":{"line":371,"column":54}},"371":{"start":{"line":372,"column":0},"end":{"line":372,"column":16}},"372":{"start":{"line":373,"column":0},"end":{"line":373,"column":26}},"373":{"start":{"line":374,"column":0},"end":{"line":374,"column":25}},"374":{"start":{"line":375,"column":0},"end":{"line":375,"column":3}},"375":{"start":{"line":376,"column":0},"end":{"line":376,"column":16}},"376":{"start":{"line":377,"column":0},"end":{"line":377,"column":0}},"377":{"start":{"line":378,"column":0},"end":{"line":378,"column":58}},"378":{"start":{"line":379,"column":0},"end":{"line":379,"column":45}},"379":{"start":{"line":380,"column":0},"end":{"line":380,"column":20}},"380":{"start":{"line":381,"column":0},"end":{"line":381,"column":12}},"381":{"start":{"line":382,"column":0},"end":{"line":382,"column":5}},"382":{"start":{"line":383,"column":0},"end":{"line":383,"column":3}},"383":{"start":{"line":384,"column":0},"end":{"line":384,"column":0}},"384":{"start":{"line":385,"column":0},"end":{"line":385,"column":25}},"385":{"start":{"line":386,"column":0},"end":{"line":386,"column":77}},"386":{"start":{"line":387,"column":0},"end":{"line":387,"column":62}},"387":{"start":{"line":388,"column":0},"end":{"line":388,"column":24}},"388":{"start":{"line":389,"column":0},"end":{"line":389,"column":36}},"389":{"start":{"line":390,"column":0},"end":{"line":390,"column":32}},"390":{"start":{"line":391,"column":0},"end":{"line":391,"column":45}},"391":{"start":{"line":392,"column":0},"end":{"line":392,"column":51}},"392":{"start":{"line":393,"column":0},"end":{"line":393,"column":12}},"393":{"start":{"line":394,"column":0},"end":{"line":394,"column":0}},"394":{"start":{"line":395,"column":0},"end":{"line":395,"column":10}},"395":{"start":{"line":396,"column":0},"end":{"line":396,"column":10}},"396":{"start":{"line":397,"column":0},"end":{"line":397,"column":20}},"397":{"start":{"line":398,"column":0},"end":{"line":398,"column":50}},"398":{"start":{"line":399,"column":0},"end":{"line":399,"column":4}},"399":{"start":{"line":400,"column":0},"end":{"line":400,"column":1}},"400":{"start":{"line":401,"column":0},"end":{"line":401,"column":0}},"401":{"start":{"line":402,"column":0},"end":{"line":402,"column":29}},"402":{"start":{"line":403,"column":0},"end":{"line":403,"column":72}},"403":{"start":{"line":404,"column":0},"end":{"line":404,"column":44}},"404":{"start":{"line":405,"column":0},"end":{"line":405,"column":73}},"405":{"start":{"line":406,"column":0},"end":{"line":406,"column":0}},"406":{"start":{"line":407,"column":0},"end":{"line":407,"column":43}},"407":{"start":{"line":408,"column":0},"end":{"line":408,"column":8}},"408":{"start":{"line":409,"column":0},"end":{"line":409,"column":55}},"409":{"start":{"line":410,"column":0},"end":{"line":410,"column":33}},"410":{"start":{"line":411,"column":0},"end":{"line":411,"column":7}},"411":{"start":{"line":412,"column":0},"end":{"line":412,"column":40}},"412":{"start":{"line":413,"column":0},"end":{"line":413,"column":5}},"413":{"start":{"line":414,"column":0},"end":{"line":414,"column":3}},"414":{"start":{"line":415,"column":0},"end":{"line":415,"column":0}},"415":{"start":{"line":416,"column":0},"end":{"line":416,"column":25}},"416":{"start":{"line":417,"column":0},"end":{"line":417,"column":1}},"417":{"start":{"line":418,"column":0},"end":{"line":418,"column":0}},"418":{"start":{"line":419,"column":0},"end":{"line":419,"column":31}},"419":{"start":{"line":420,"column":0},"end":{"line":420,"column":38}},"420":{"start":{"line":421,"column":0},"end":{"line":421,"column":22}},"421":{"start":{"line":422,"column":0},"end":{"line":422,"column":46}},"422":{"start":{"line":423,"column":0},"end":{"line":423,"column":73}},"423":{"start":{"line":424,"column":0},"end":{"line":424,"column":12}},"424":{"start":{"line":425,"column":0},"end":{"line":425,"column":46}},"425":{"start":{"line":426,"column":0},"end":{"line":426,"column":57}},"426":{"start":{"line":427,"column":0},"end":{"line":427,"column":6}},"427":{"start":{"line":428,"column":0},"end":{"line":428,"column":79}},"428":{"start":{"line":429,"column":0},"end":{"line":429,"column":12}},"429":{"start":{"line":430,"column":0},"end":{"line":430,"column":41}},"430":{"start":{"line":431,"column":0},"end":{"line":431,"column":49}},"431":{"start":{"line":432,"column":0},"end":{"line":432,"column":6}},"432":{"start":{"line":433,"column":0},"end":{"line":433,"column":3}},"433":{"start":{"line":434,"column":0},"end":{"line":434,"column":14}},"434":{"start":{"line":435,"column":0},"end":{"line":435,"column":1}},"435":{"start":{"line":436,"column":0},"end":{"line":436,"column":0}},"436":{"start":{"line":437,"column":0},"end":{"line":437,"column":33}},"437":{"start":{"line":438,"column":0},"end":{"line":438,"column":38}},"438":{"start":{"line":439,"column":0},"end":{"line":439,"column":24}},"439":{"start":{"line":440,"column":0},"end":{"line":440,"column":22}},"440":{"start":{"line":441,"column":0},"end":{"line":441,"column":4}},"441":{"start":{"line":442,"column":0},"end":{"line":442,"column":15}},"442":{"start":{"line":443,"column":0},"end":{"line":443,"column":16}},"443":{"start":{"line":444,"column":0},"end":{"line":444,"column":22}},"444":{"start":{"line":445,"column":0},"end":{"line":445,"column":3}},"445":{"start":{"line":446,"column":0},"end":{"line":446,"column":49}},"446":{"start":{"line":447,"column":0},"end":{"line":447,"column":12}},"447":{"start":{"line":448,"column":0},"end":{"line":448,"column":23}},"448":{"start":{"line":449,"column":0},"end":{"line":449,"column":29}},"449":{"start":{"line":450,"column":0},"end":{"line":450,"column":42}},"450":{"start":{"line":451,"column":0},"end":{"line":451,"column":6}},"451":{"start":{"line":452,"column":0},"end":{"line":452,"column":56}},"452":{"start":{"line":453,"column":0},"end":{"line":453,"column":12}},"453":{"start":{"line":454,"column":0},"end":{"line":454,"column":19}},"454":{"start":{"line":455,"column":0},"end":{"line":455,"column":31}},"455":{"start":{"line":456,"column":0},"end":{"line":456,"column":48}},"456":{"start":{"line":457,"column":0},"end":{"line":457,"column":6}},"457":{"start":{"line":458,"column":0},"end":{"line":458,"column":55}},"458":{"start":{"line":459,"column":0},"end":{"line":459,"column":12}},"459":{"start":{"line":460,"column":0},"end":{"line":460,"column":21}},"460":{"start":{"line":461,"column":0},"end":{"line":461,"column":29}},"461":{"start":{"line":462,"column":0},"end":{"line":462,"column":36}},"462":{"start":{"line":463,"column":0},"end":{"line":463,"column":6}},"463":{"start":{"line":464,"column":0},"end":{"line":464,"column":34}},"464":{"start":{"line":465,"column":0},"end":{"line":465,"column":12}},"465":{"start":{"line":466,"column":0},"end":{"line":466,"column":21}},"466":{"start":{"line":467,"column":0},"end":{"line":467,"column":30}},"467":{"start":{"line":468,"column":0},"end":{"line":468,"column":37}},"468":{"start":{"line":469,"column":0},"end":{"line":469,"column":6}},"469":{"start":{"line":470,"column":0},"end":{"line":470,"column":3}},"470":{"start":{"line":471,"column":0},"end":{"line":471,"column":10}},"471":{"start":{"line":472,"column":0},"end":{"line":472,"column":21}},"472":{"start":{"line":473,"column":0},"end":{"line":473,"column":27}},"473":{"start":{"line":474,"column":0},"end":{"line":474,"column":40}},"474":{"start":{"line":475,"column":0},"end":{"line":475,"column":4}},"475":{"start":{"line":476,"column":0},"end":{"line":476,"column":1}},"476":{"start":{"line":477,"column":0},"end":{"line":477,"column":0}},"477":{"start":{"line":478,"column":0},"end":{"line":478,"column":61}},"478":{"start":{"line":479,"column":0},"end":{"line":479,"column":61}},"479":{"start":{"line":480,"column":0},"end":{"line":480,"column":26}},"480":{"start":{"line":481,"column":0},"end":{"line":481,"column":46}},"481":{"start":{"line":482,"column":0},"end":{"line":482,"column":3}},"482":{"start":{"line":483,"column":0},"end":{"line":483,"column":26}},"483":{"start":{"line":484,"column":0},"end":{"line":484,"column":57}},"484":{"start":{"line":485,"column":0},"end":{"line":485,"column":25}},"485":{"start":{"line":486,"column":0},"end":{"line":486,"column":0}},"486":{"start":{"line":487,"column":0},"end":{"line":487,"column":32}},"487":{"start":{"line":488,"column":0},"end":{"line":488,"column":56}},"488":{"start":{"line":489,"column":0},"end":{"line":489,"column":46}},"489":{"start":{"line":490,"column":0},"end":{"line":490,"column":10}},"490":{"start":{"line":491,"column":0},"end":{"line":491,"column":49}},"491":{"start":{"line":492,"column":0},"end":{"line":492,"column":39}},"492":{"start":{"line":493,"column":0},"end":{"line":493,"column":9}},"493":{"start":{"line":494,"column":0},"end":{"line":494,"column":17}},"494":{"start":{"line":495,"column":0},"end":{"line":495,"column":7}},"495":{"start":{"line":496,"column":0},"end":{"line":496,"column":0}},"496":{"start":{"line":497,"column":0},"end":{"line":497,"column":57}},"497":{"start":{"line":498,"column":0},"end":{"line":498,"column":57}},"498":{"start":{"line":499,"column":0},"end":{"line":499,"column":26}},"499":{"start":{"line":500,"column":0},"end":{"line":500,"column":71}},"500":{"start":{"line":501,"column":0},"end":{"line":501,"column":0}},"501":{"start":{"line":502,"column":0},"end":{"line":502,"column":72}},"502":{"start":{"line":503,"column":0},"end":{"line":503,"column":45}},"503":{"start":{"line":504,"column":0},"end":{"line":504,"column":38}},"504":{"start":{"line":505,"column":0},"end":{"line":505,"column":46}},"505":{"start":{"line":506,"column":0},"end":{"line":506,"column":48}},"506":{"start":{"line":507,"column":0},"end":{"line":507,"column":7}},"507":{"start":{"line":508,"column":0},"end":{"line":508,"column":5}},"508":{"start":{"line":509,"column":0},"end":{"line":509,"column":3}},"509":{"start":{"line":510,"column":0},"end":{"line":510,"column":0}},"510":{"start":{"line":511,"column":0},"end":{"line":511,"column":52}},"511":{"start":{"line":512,"column":0},"end":{"line":512,"column":1}},"512":{"start":{"line":513,"column":0},"end":{"line":513,"column":0}},"513":{"start":{"line":514,"column":0},"end":{"line":514,"column":63}},"514":{"start":{"line":515,"column":0},"end":{"line":515,"column":67}},"515":{"start":{"line":516,"column":0},"end":{"line":516,"column":68}},"516":{"start":{"line":517,"column":0},"end":{"line":517,"column":1}},"517":{"start":{"line":518,"column":0},"end":{"line":518,"column":0}},"518":{"start":{"line":519,"column":0},"end":{"line":519,"column":27}},"519":{"start":{"line":520,"column":0},"end":{"line":520,"column":61}},"520":{"start":{"line":521,"column":0},"end":{"line":521,"column":20}},"521":{"start":{"line":522,"column":0},"end":{"line":522,"column":22}},"522":{"start":{"line":523,"column":0},"end":{"line":523,"column":16}},"523":{"start":{"line":524,"column":0},"end":{"line":524,"column":30}},"524":{"start":{"line":525,"column":0},"end":{"line":525,"column":3}},"525":{"start":{"line":526,"column":0},"end":{"line":526,"column":46}},"526":{"start":{"line":527,"column":0},"end":{"line":527,"column":50}},"527":{"start":{"line":528,"column":0},"end":{"line":528,"column":40}},"528":{"start":{"line":529,"column":0},"end":{"line":529,"column":0}},"529":{"start":{"line":530,"column":0},"end":{"line":530,"column":67}},"530":{"start":{"line":531,"column":0},"end":{"line":531,"column":30}},"531":{"start":{"line":532,"column":0},"end":{"line":532,"column":25}},"532":{"start":{"line":533,"column":0},"end":{"line":533,"column":0}},"533":{"start":{"line":534,"column":0},"end":{"line":534,"column":32}},"534":{"start":{"line":535,"column":0},"end":{"line":535,"column":56}},"535":{"start":{"line":536,"column":0},"end":{"line":536,"column":10}},"536":{"start":{"line":537,"column":0},"end":{"line":537,"column":51}},"537":{"start":{"line":538,"column":0},"end":{"line":538,"column":37}},"538":{"start":{"line":539,"column":0},"end":{"line":539,"column":9}},"539":{"start":{"line":540,"column":0},"end":{"line":540,"column":59}},"540":{"start":{"line":541,"column":0},"end":{"line":541,"column":28}},"541":{"start":{"line":542,"column":0},"end":{"line":542,"column":73}},"542":{"start":{"line":543,"column":0},"end":{"line":543,"column":30}},"543":{"start":{"line":544,"column":0},"end":{"line":544,"column":69}},"544":{"start":{"line":545,"column":0},"end":{"line":545,"column":0}},"545":{"start":{"line":546,"column":0},"end":{"line":546,"column":87}},"546":{"start":{"line":547,"column":0},"end":{"line":547,"column":57}},"547":{"start":{"line":548,"column":0},"end":{"line":548,"column":52}},"548":{"start":{"line":549,"column":0},"end":{"line":549,"column":9}},"549":{"start":{"line":550,"column":0},"end":{"line":550,"column":7}},"550":{"start":{"line":551,"column":0},"end":{"line":551,"column":5}},"551":{"start":{"line":552,"column":0},"end":{"line":552,"column":3}},"552":{"start":{"line":553,"column":0},"end":{"line":553,"column":0}},"553":{"start":{"line":554,"column":0},"end":{"line":554,"column":64}},"554":{"start":{"line":555,"column":0},"end":{"line":555,"column":1}}},"s":{"0":1,"1":1,"2":1,"3":1,"4":1,"5":1,"6":1,"7":1,"8":1,"9":1,"10":1,"11":1,"12":1,"13":1,"14":1,"15":1,"16":1,"17":1,"18":1,"19":1,"20":1,"21":1,"22":1,"23":1,"24":1,"25":1,"26":1,"27":1,"28":1,"29":1,"30":1,"31":1,"32":1,"33":1,"34":1,"35":1,"36":1,"37":1,"38":1,"39":1,"40":1,"41":1,"42":1,"43":1,"44":1,"45":1,"46":1,"47":1,"48":1,"49":1,"50":1,"51":1,"52":1,"53":1,"54":1,"55":1,"56":1,"57":1,"58":1,"59":1,"60":1,"61":1,"62":1,"63":1,"64":1,"65":1,"66":1,"67":1,"68":1,"69":1,"70":1,"71":1,"72":1,"73":1,"74":1,"75":1,"76":1,"77":1,"78":1,"79":1,"80":1,"81":1,"82":1,"83":1,"84":1,"85":1,"86":1,"87":1,"88":1,"89":1,"90":1,"91":1,"92":1,"93":1,"94":1,"95":1,"96":1,"97":1,"98":1,"99":1,"100":1,"101":1,"102":1,"103":1,"104":1,"105":1,"106":1,"107":1,"108":1,"109":1,"110":1,"111":1,"112":1,"113":1,"114":1,"115":1,"116":1,"117":1,"118":1,"119":1,"120":1,"121":1,"122":1,"123":1,"124":1,"125":1,"126":1,"127":1,"128":1,"129":1,"130":1,"131":1,"132":1,"133":1,"134":1,"135":1,"136":1,"137":1,"138":1,"139":1,"140":1,"141":1,"142":1,"143":1,"144":1,"145":1,"146":1,"147":1,"148":1,"149":1,"150":1,"151":1,"152":1,"153":1,"154":1,"155":1,"156":1,"157":1,"158":1,"159":1,"160":1,"161":1,"162":1,"163":1,"164":1,"165":1,"166":1,"167":1,"168":1,"169":1,"170":1,"171":1,"172":1,"173":1,"174":1,"175":1,"176":1,"177":1,"178":1,"179":1,"180":1,"181":1,"182":1,"183":1,"184":1,"185":1,"186":1,"187":1,"188":1,"189":1,"190":1,"191":1,"192":1,"193":1,"194":1,"195":1,"196":1,"197":1,"198":1,"199":1,"200":1,"201":1,"202":1,"203":1,"204":1,"205":1,"206":1,"207":1,"208":1,"209":1,"210":1,"211":1,"212":1,"213":1,"214":1,"215":1,"216":1,"217":1,"218":1,"219":1,"220":1,"221":1,"222":1,"223":1,"224":1,"225":1,"226":1,"227":1,"228":1,"229":1,"230":3,"231":1,"232":1,"233":1,"234":1,"235":1,"236":1,"237":1,"238":1,"239":3,"240":1,"241":1,"242":1,"243":1,"244":1,"245":1,"246":1,"247":1,"248":3,"249":1,"250":1,"251":1,"252":1,"253":1,"254":1,"255":1,"256":1,"257":3,"258":3,"259":3,"260":3,"261":3,"262":1,"263":1,"264":1,"265":1,"266":1,"267":1,"268":1,"269":1,"270":1,"271":1,"272":1,"273":1,"274":1,"275":1,"276":1,"277":1,"278":1,"279":1,"280":1,"281":1,"282":1,"283":1,"284":1,"285":1,"286":1,"287":1,"288":1,"289":1,"290":1,"291":1,"292":1,"293":1,"294":1,"295":1,"296":1,"297":1,"298":1,"299":1,"300":1,"301":1,"302":3,"303":3,"304":3,"305":1,"306":1,"307":1,"308":1,"309":1,"310":1,"311":1,"312":5,"313":5,"314":5,"315":5,"316":5,"317":5,"318":5,"319":5,"320":5,"321":5,"322":5,"323":5,"324":5,"325":5,"326":5,"327":5,"328":5,"329":5,"330":5,"331":1,"332":1,"333":5,"334":4,"335":4,"336":4,"337":5,"338":5,"339":5,"340":1,"341":1,"342":1,"343":1,"344":5,"345":1,"346":1,"347":1,"348":1,"349":1,"350":5,"351":5,"352":5,"353":3,"354":3,"355":3,"356":3,"357":5,"358":5,"359":5,"360":1,"361":1,"362":1,"363":1,"364":1,"365":5,"366":5,"367":5,"368":1,"369":1,"370":1,"371":4,"372":4,"373":4,"374":4,"375":4,"376":4,"377":4,"378":44,"379":4,"380":4,"381":4,"382":44,"383":4,"384":4,"385":4,"386":4,"387":4,"388":4,"389":4,"390":4,"391":3,"392":3,"393":4,"394":4,"395":4,"396":4,"397":4,"398":4,"399":4,"400":1,"401":1,"402":1,"403":3,"404":3,"405":3,"406":3,"407":51,"408":51,"409":50,"410":51,"411":8,"412":8,"413":51,"414":3,"415":3,"416":3,"417":1,"418":1,"419":1,"420":4,"421":4,"422":4,"423":1,"424":1,"425":1,"426":1,"427":4,"428":1,"429":1,"430":1,"431":1,"432":1,"433":2,"434":2,"435":1,"436":1,"437":1,"438":5,"439":5,"440":5,"441":5,"442":5,"443":5,"444":5,"445":5,"446":1,"447":1,"448":1,"449":1,"450":1,"451":5,"452":1,"453":1,"454":1,"455":1,"456":1,"457":4,"458":1,"459":1,"460":1,"461":1,"462":1,"463":3,"464":1,"465":1,"466":1,"467":1,"468":1,"469":1,"470":1,"471":1,"472":1,"473":1,"474":1,"475":1,"476":1,"477":1,"478":1,"479":2,"480":2,"481":2,"482":2,"483":2,"484":2,"485":2,"486":2,"487":2,"488":2,"489":2,"490":2,"491":2,"492":2,"493":0,"494":0,"495":2,"496":2,"497":2,"498":2,"499":2,"500":2,"501":2,"502":1,"503":1,"504":1,"505":1,"506":1,"507":2,"508":2,"509":2,"510":2,"511":2,"512":1,"513":1,"514":1,"515":3,"516":3,"517":1,"518":1,"519":1,"520":1,"521":1,"522":1,"523":1,"524":1,"525":1,"526":1,"527":1,"528":1,"529":1,"530":1,"531":1,"532":1,"533":1,"534":1,"535":1,"536":1,"537":1,"538":1,"539":1,"540":1,"541":1,"542":1,"543":1,"544":1,"545":1,"546":1,"547":1,"548":1,"549":1,"550":1,"551":1,"552":1,"553":1,"554":1},"branchMap":{"0":{"type":"branch","line":166,"loc":{"start":{"line":166,"column":15},"end":{"line":166,"column":55}},"locations":[{"start":{"line":166,"column":15},"end":{"line":166,"column":55}}]},"1":{"type":"branch","line":166,"loc":{"start":{"line":166,"column":43},"end":{"line":166,"column":53}},"locations":[{"start":{"line":166,"column":43},"end":{"line":166,"column":53}}]},"2":{"type":"branch","line":174,"loc":{"start":{"line":174,"column":15},"end":{"line":174,"column":56}},"locations":[{"start":{"line":174,"column":15},"end":{"line":174,"column":56}}]},"3":{"type":"branch","line":174,"loc":{"start":{"line":174,"column":43},"end":{"line":174,"column":53}},"locations":[{"start":{"line":174,"column":43},"end":{"line":174,"column":53}}]},"4":{"type":"branch","line":182,"loc":{"start":{"line":182,"column":15},"end":{"line":182,"column":56}},"locations":[{"start":{"line":182,"column":15},"end":{"line":182,"column":56}}]},"5":{"type":"branch","line":182,"loc":{"start":{"line":182,"column":43},"end":{"line":182,"column":53}},"locations":[{"start":{"line":182,"column":43},"end":{"line":182,"column":53}}]},"6":{"type":"branch","line":190,"loc":{"start":{"line":190,"column":15},"end":{"line":190,"column":57}},"locations":[{"start":{"line":190,"column":15},"end":{"line":190,"column":57}}]},"7":{"type":"branch","line":190,"loc":{"start":{"line":190,"column":43},"end":{"line":190,"column":53}},"locations":[{"start":{"line":190,"column":43},"end":{"line":190,"column":53}}]},"8":{"type":"branch","line":198,"loc":{"start":{"line":198,"column":15},"end":{"line":198,"column":57}},"locations":[{"start":{"line":198,"column":15},"end":{"line":198,"column":57}}]},"9":{"type":"branch","line":198,"loc":{"start":{"line":198,"column":43},"end":{"line":198,"column":53}},"locations":[{"start":{"line":198,"column":43},"end":{"line":198,"column":53}}]},"10":{"type":"branch","line":206,"loc":{"start":{"line":206,"column":15},"end":{"line":206,"column":54}},"locations":[{"start":{"line":206,"column":15},"end":{"line":206,"column":54}}]},"11":{"type":"branch","line":214,"loc":{"start":{"line":214,"column":15},"end":{"line":214,"column":55}},"locations":[{"start":{"line":214,"column":15},"end":{"line":214,"column":55}}]},"12":{"type":"branch","line":222,"loc":{"start":{"line":222,"column":15},"end":{"line":222,"column":56}},"locations":[{"start":{"line":222,"column":15},"end":{"line":222,"column":56}}]},"13":{"type":"branch","line":230,"loc":{"start":{"line":230,"column":15},"end":{"line":231,"column":71}},"locations":[{"start":{"line":230,"column":15},"end":{"line":231,"column":71}}]},"14":{"type":"branch","line":231,"loc":{"start":{"line":231,"column":25},"end":{"line":231,"column":34}},"locations":[{"start":{"line":231,"column":25},"end":{"line":231,"column":34}}]},"15":{"type":"branch","line":231,"loc":{"start":{"line":231,"column":58},"end":{"line":231,"column":68}},"locations":[{"start":{"line":231,"column":58},"end":{"line":231,"column":68}}]},"16":{"type":"branch","line":239,"loc":{"start":{"line":239,"column":15},"end":{"line":240,"column":70}},"locations":[{"start":{"line":239,"column":15},"end":{"line":240,"column":70}}]},"17":{"type":"branch","line":240,"loc":{"start":{"line":240,"column":25},"end":{"line":240,"column":34}},"locations":[{"start":{"line":240,"column":25},"end":{"line":240,"column":34}}]},"18":{"type":"branch","line":240,"loc":{"start":{"line":240,"column":58},"end":{"line":240,"column":68}},"locations":[{"start":{"line":240,"column":58},"end":{"line":240,"column":68}}]},"19":{"type":"branch","line":248,"loc":{"start":{"line":248,"column":15},"end":{"line":249,"column":71}},"locations":[{"start":{"line":248,"column":15},"end":{"line":249,"column":71}}]},"20":{"type":"branch","line":249,"loc":{"start":{"line":249,"column":25},"end":{"line":249,"column":34}},"locations":[{"start":{"line":249,"column":25},"end":{"line":249,"column":34}}]},"21":{"type":"branch","line":249,"loc":{"start":{"line":249,"column":34},"end":{"line":249,"column":71}},"locations":[{"start":{"line":249,"column":34},"end":{"line":249,"column":71}}]},"22":{"type":"branch","line":249,"loc":{"start":{"line":249,"column":58},"end":{"line":249,"column":68}},"locations":[{"start":{"line":249,"column":58},"end":{"line":249,"column":68}}]},"23":{"type":"branch","line":257,"loc":{"start":{"line":257,"column":15},"end":{"line":262,"column":6}},"locations":[{"start":{"line":257,"column":15},"end":{"line":262,"column":6}}]},"24":{"type":"branch","line":270,"loc":{"start":{"line":270,"column":15},"end":{"line":270,"column":48}},"locations":[{"start":{"line":270,"column":15},"end":{"line":270,"column":48}}]},"25":{"type":"branch","line":278,"loc":{"start":{"line":278,"column":15},"end":{"line":278,"column":49}},"locations":[{"start":{"line":278,"column":15},"end":{"line":278,"column":49}}]},"26":{"type":"branch","line":286,"loc":{"start":{"line":286,"column":15},"end":{"line":286,"column":49}},"locations":[{"start":{"line":286,"column":15},"end":{"line":286,"column":49}}]},"27":{"type":"branch","line":294,"loc":{"start":{"line":294,"column":15},"end":{"line":294,"column":64}},"locations":[{"start":{"line":294,"column":15},"end":{"line":294,"column":64}}]},"28":{"type":"branch","line":302,"loc":{"start":{"line":302,"column":15},"end":{"line":305,"column":6}},"locations":[{"start":{"line":302,"column":15},"end":{"line":305,"column":6}}]},"29":{"type":"branch","line":312,"loc":{"start":{"line":312,"column":7},"end":{"line":368,"column":1}},"locations":[{"start":{"line":312,"column":7},"end":{"line":368,"column":1}}]},"30":{"type":"branch","line":327,"loc":{"start":{"line":327,"column":4},"end":{"line":328,"column":72}},"locations":[{"start":{"line":327,"column":4},"end":{"line":328,"column":72}}]},"31":{"type":"branch","line":331,"loc":{"start":{"line":331,"column":19},"end":{"line":334,"column":9}},"locations":[{"start":{"line":331,"column":19},"end":{"line":334,"column":9}}]},"32":{"type":"branch","line":334,"loc":{"start":{"line":334,"column":2},"end":{"line":337,"column":3}},"locations":[{"start":{"line":334,"column":2},"end":{"line":337,"column":3}}]},"33":{"type":"branch","line":340,"loc":{"start":{"line":340,"column":28},"end":{"line":345,"column":9}},"locations":[{"start":{"line":340,"column":28},"end":{"line":345,"column":9}}]},"34":{"type":"branch","line":345,"loc":{"start":{"line":345,"column":2},"end":{"line":350,"column":3}},"locations":[{"start":{"line":345,"column":2},"end":{"line":350,"column":3}}]},"35":{"type":"branch","line":345,"loc":{"start":{"line":345,"column":35},"end":{"line":350,"column":3}},"locations":[{"start":{"line":345,"column":35},"end":{"line":350,"column":3}}]},"36":{"type":"branch","line":353,"loc":{"start":{"line":353,"column":23},"end":{"line":357,"column":3}},"locations":[{"start":{"line":353,"column":23},"end":{"line":357,"column":3}}]},"37":{"type":"branch","line":360,"loc":{"start":{"line":360,"column":25},"end":{"line":365,"column":3}},"locations":[{"start":{"line":360,"column":25},"end":{"line":365,"column":3}}]},"38":{"type":"branch","line":371,"loc":{"start":{"line":371,"column":7},"end":{"line":400,"column":1}},"locations":[{"start":{"line":371,"column":7},"end":{"line":400,"column":1}}]},"39":{"type":"branch","line":378,"loc":{"start":{"line":378,"column":57},"end":{"line":383,"column":3}},"locations":[{"start":{"line":378,"column":57},"end":{"line":383,"column":3}}]},"40":{"type":"branch","line":379,"loc":{"start":{"line":379,"column":44},"end":{"line":382,"column":5}},"locations":[{"start":{"line":379,"column":44},"end":{"line":382,"column":5}}]},"41":{"type":"branch","line":386,"loc":{"start":{"line":386,"column":27},"end":{"line":386,"column":76}},"locations":[{"start":{"line":386,"column":27},"end":{"line":386,"column":76}}]},"42":{"type":"branch","line":387,"loc":{"start":{"line":387,"column":56},"end":{"line":387,"column":62}},"locations":[{"start":{"line":387,"column":56},"end":{"line":387,"column":62}}]},"43":{"type":"branch","line":390,"loc":{"start":{"line":390,"column":-1},"end":{"line":390,"column":12}},"locations":[{"start":{"line":390,"column":-1},"end":{"line":390,"column":12}}]},"44":{"type":"branch","line":391,"loc":{"start":{"line":391,"column":8},"end":{"line":393,"column":12}},"locations":[{"start":{"line":391,"column":8},"end":{"line":393,"column":12}}]},"45":{"type":"branch","line":403,"loc":{"start":{"line":403,"column":7},"end":{"line":417,"column":1}},"locations":[{"start":{"line":403,"column":7},"end":{"line":417,"column":1}}]},"46":{"type":"branch","line":405,"loc":{"start":{"line":405,"column":65},"end":{"line":405,"column":72}},"locations":[{"start":{"line":405,"column":65},"end":{"line":405,"column":72}}]},"47":{"type":"branch","line":407,"loc":{"start":{"line":407,"column":42},"end":{"line":414,"column":3}},"locations":[{"start":{"line":407,"column":42},"end":{"line":414,"column":3}}]},"48":{"type":"branch","line":409,"loc":{"start":{"line":409,"column":51},"end":{"line":410,"column":33}},"locations":[{"start":{"line":409,"column":51},"end":{"line":410,"column":33}}]},"49":{"type":"branch","line":411,"loc":{"start":{"line":411,"column":6},"end":{"line":413,"column":5}},"locations":[{"start":{"line":411,"column":6},"end":{"line":413,"column":5}}]},"50":{"type":"branch","line":405,"loc":{"start":{"line":405,"column":54},"end":{"line":405,"column":65}},"locations":[{"start":{"line":405,"column":54},"end":{"line":405,"column":65}}]},"51":{"type":"branch","line":420,"loc":{"start":{"line":420,"column":7},"end":{"line":435,"column":1}},"locations":[{"start":{"line":420,"column":7},"end":{"line":435,"column":1}}]},"52":{"type":"branch","line":423,"loc":{"start":{"line":423,"column":25},"end":{"line":423,"column":34}},"locations":[{"start":{"line":423,"column":25},"end":{"line":423,"column":34}}]},"53":{"type":"branch","line":423,"loc":{"start":{"line":423,"column":34},"end":{"line":423,"column":72}},"locations":[{"start":{"line":423,"column":34},"end":{"line":423,"column":72}}]},"54":{"type":"branch","line":423,"loc":{"start":{"line":423,"column":58},"end":{"line":423,"column":68}},"locations":[{"start":{"line":423,"column":58},"end":{"line":423,"column":68}}]},"55":{"type":"branch","line":423,"loc":{"start":{"line":423,"column":72},"end":{"line":428,"column":9}},"locations":[{"start":{"line":423,"column":72},"end":{"line":428,"column":9}}]},"56":{"type":"branch","line":428,"loc":{"start":{"line":428,"column":2},"end":{"line":433,"column":3}},"locations":[{"start":{"line":428,"column":2},"end":{"line":433,"column":3}}]},"57":{"type":"branch","line":428,"loc":{"start":{"line":428,"column":32},"end":{"line":428,"column":41}},"locations":[{"start":{"line":428,"column":32},"end":{"line":428,"column":41}}]},"58":{"type":"branch","line":428,"loc":{"start":{"line":428,"column":41},"end":{"line":428,"column":78}},"locations":[{"start":{"line":428,"column":41},"end":{"line":428,"column":78}}]},"59":{"type":"branch","line":428,"loc":{"start":{"line":428,"column":65},"end":{"line":428,"column":75}},"locations":[{"start":{"line":428,"column":65},"end":{"line":428,"column":75}}]},"60":{"type":"branch","line":428,"loc":{"start":{"line":428,"column":78},"end":{"line":433,"column":3}},"locations":[{"start":{"line":428,"column":78},"end":{"line":433,"column":3}}]},"61":{"type":"branch","line":433,"loc":{"start":{"line":433,"column":2},"end":{"line":435,"column":1}},"locations":[{"start":{"line":433,"column":2},"end":{"line":435,"column":1}}]},"62":{"type":"branch","line":438,"loc":{"start":{"line":438,"column":7},"end":{"line":476,"column":1}},"locations":[{"start":{"line":438,"column":7},"end":{"line":476,"column":1}}]},"63":{"type":"branch","line":446,"loc":{"start":{"line":446,"column":22},"end":{"line":446,"column":48}},"locations":[{"start":{"line":446,"column":22},"end":{"line":446,"column":48}}]},"64":{"type":"branch","line":446,"loc":{"start":{"line":446,"column":48},"end":{"line":452,"column":9}},"locations":[{"start":{"line":446,"column":48},"end":{"line":452,"column":9}}]},"65":{"type":"branch","line":452,"loc":{"start":{"line":452,"column":2},"end":{"line":470,"column":3}},"locations":[{"start":{"line":452,"column":2},"end":{"line":470,"column":3}}]},"66":{"type":"branch","line":452,"loc":{"start":{"line":452,"column":29},"end":{"line":452,"column":55}},"locations":[{"start":{"line":452,"column":29},"end":{"line":452,"column":55}}]},"67":{"type":"branch","line":452,"loc":{"start":{"line":452,"column":55},"end":{"line":458,"column":9}},"locations":[{"start":{"line":452,"column":55},"end":{"line":458,"column":9}}]},"68":{"type":"branch","line":458,"loc":{"start":{"line":458,"column":2},"end":{"line":470,"column":3}},"locations":[{"start":{"line":458,"column":2},"end":{"line":470,"column":3}}]},"69":{"type":"branch","line":458,"loc":{"start":{"line":458,"column":29},"end":{"line":458,"column":54}},"locations":[{"start":{"line":458,"column":29},"end":{"line":458,"column":54}}]},"70":{"type":"branch","line":458,"loc":{"start":{"line":458,"column":54},"end":{"line":464,"column":9}},"locations":[{"start":{"line":458,"column":54},"end":{"line":464,"column":9}}]},"71":{"type":"branch","line":464,"loc":{"start":{"line":464,"column":2},"end":{"line":470,"column":3}},"locations":[{"start":{"line":464,"column":2},"end":{"line":470,"column":3}}]},"72":{"type":"branch","line":464,"loc":{"start":{"line":464,"column":33},"end":{"line":470,"column":3}},"locations":[{"start":{"line":464,"column":33},"end":{"line":470,"column":3}}]},"73":{"type":"branch","line":470,"loc":{"start":{"line":470,"column":2},"end":{"line":476,"column":1}},"locations":[{"start":{"line":470,"column":2},"end":{"line":476,"column":1}}]},"74":{"type":"branch","line":479,"loc":{"start":{"line":479,"column":7},"end":{"line":512,"column":1}},"locations":[{"start":{"line":479,"column":7},"end":{"line":512,"column":1}}]},"75":{"type":"branch","line":493,"loc":{"start":{"line":493,"column":8},"end":{"line":495,"column":7}},"locations":[{"start":{"line":493,"column":8},"end":{"line":495,"column":7}}]},"76":{"type":"branch","line":502,"loc":{"start":{"line":502,"column":71},"end":{"line":507,"column":7}},"locations":[{"start":{"line":502,"column":71},"end":{"line":507,"column":7}}]},"77":{"type":"branch","line":515,"loc":{"start":{"line":515,"column":7},"end":{"line":517,"column":1}},"locations":[{"start":{"line":515,"column":7},"end":{"line":517,"column":1}}]},"78":{"type":"branch","line":520,"loc":{"start":{"line":520,"column":7},"end":{"line":555,"column":1}},"locations":[{"start":{"line":520,"column":7},"end":{"line":555,"column":1}}]},"79":{"type":"branch","line":526,"loc":{"start":{"line":526,"column":40},"end":{"line":526,"column":46}},"locations":[{"start":{"line":526,"column":40},"end":{"line":526,"column":46}}]},"80":{"type":"branch","line":527,"loc":{"start":{"line":527,"column":44},"end":{"line":527,"column":50}},"locations":[{"start":{"line":527,"column":44},"end":{"line":527,"column":50}}]}},"b":{"0":[2],"1":[0],"2":[3],"3":[0],"4":[3],"5":[0],"6":[3],"7":[0],"8":[3],"9":[0],"10":[3],"11":[3],"12":[3],"13":[3],"14":[2],"15":[0],"16":[3],"17":[2],"18":[0],"19":[3],"20":[2],"21":[2],"22":[0],"23":[3],"24":[3],"25":[3],"26":[3],"27":[3],"28":[3],"29":[5],"30":[4],"31":[1],"32":[4],"33":[1],"34":[4],"35":[1],"36":[3],"37":[1],"38":[4],"39":[44],"40":[4],"41":[1],"42":[1],"43":[1],"44":[3],"45":[3],"46":[0],"47":[51],"48":[50],"49":[8],"50":[1],"51":[4],"52":[0],"53":[2],"54":[0],"55":[1],"56":[3],"57":[0],"58":[2],"59":[0],"60":[1],"61":[2],"62":[5],"63":[1],"64":[1],"65":[4],"66":[1],"67":[1],"68":[3],"69":[1],"70":[1],"71":[2],"72":[1],"73":[1],"74":[2],"75":[0],"76":[1],"77":[3],"78":[1],"79":[0],"80":[0]},"fnMap":{"0":{"name":"condition","decl":{"start":{"line":166,"column":15},"end":{"line":166,"column":55}},"loc":{"start":{"line":166,"column":15},"end":{"line":166,"column":55}},"line":166},"1":{"name":"condition","decl":{"start":{"line":174,"column":15},"end":{"line":174,"column":56}},"loc":{"start":{"line":174,"column":15},"end":{"line":174,"column":56}},"line":174},"2":{"name":"condition","decl":{"start":{"line":182,"column":15},"end":{"line":182,"column":56}},"loc":{"start":{"line":182,"column":15},"end":{"line":182,"column":56}},"line":182},"3":{"name":"condition","decl":{"start":{"line":190,"column":15},"end":{"line":190,"column":57}},"loc":{"start":{"line":190,"column":15},"end":{"line":190,"column":57}},"line":190},"4":{"name":"condition","decl":{"start":{"line":198,"column":15},"end":{"line":198,"column":57}},"loc":{"start":{"line":198,"column":15},"end":{"line":198,"column":57}},"line":198},"5":{"name":"condition","decl":{"start":{"line":206,"column":15},"end":{"line":206,"column":54}},"loc":{"start":{"line":206,"column":15},"end":{"line":206,"column":54}},"line":206},"6":{"name":"condition","decl":{"start":{"line":214,"column":15},"end":{"line":214,"column":55}},"loc":{"start":{"line":214,"column":15},"end":{"line":214,"column":55}},"line":214},"7":{"name":"condition","decl":{"start":{"line":222,"column":15},"end":{"line":222,"column":56}},"loc":{"start":{"line":222,"column":15},"end":{"line":222,"column":56}},"line":222},"8":{"name":"condition","decl":{"start":{"line":230,"column":15},"end":{"line":231,"column":71}},"loc":{"start":{"line":230,"column":15},"end":{"line":231,"column":71}},"line":230},"9":{"name":"condition","decl":{"start":{"line":239,"column":15},"end":{"line":240,"column":70}},"loc":{"start":{"line":239,"column":15},"end":{"line":240,"column":70}},"line":239},"10":{"name":"condition","decl":{"start":{"line":248,"column":15},"end":{"line":249,"column":71}},"loc":{"start":{"line":248,"column":15},"end":{"line":249,"column":71}},"line":248},"11":{"name":"condition","decl":{"start":{"line":257,"column":15},"end":{"line":262,"column":6}},"loc":{"start":{"line":257,"column":15},"end":{"line":262,"column":6}},"line":257},"12":{"name":"condition","decl":{"start":{"line":270,"column":15},"end":{"line":270,"column":48}},"loc":{"start":{"line":270,"column":15},"end":{"line":270,"column":48}},"line":270},"13":{"name":"condition","decl":{"start":{"line":278,"column":15},"end":{"line":278,"column":49}},"loc":{"start":{"line":278,"column":15},"end":{"line":278,"column":49}},"line":278},"14":{"name":"condition","decl":{"start":{"line":286,"column":15},"end":{"line":286,"column":49}},"loc":{"start":{"line":286,"column":15},"end":{"line":286,"column":49}},"line":286},"15":{"name":"condition","decl":{"start":{"line":294,"column":15},"end":{"line":294,"column":64}},"loc":{"start":{"line":294,"column":15},"end":{"line":294,"column":64}},"line":294},"16":{"name":"condition","decl":{"start":{"line":302,"column":15},"end":{"line":305,"column":6}},"loc":{"start":{"line":302,"column":15},"end":{"line":305,"column":6}},"line":302},"17":{"name":"calculateScanPoints","decl":{"start":{"line":312,"column":7},"end":{"line":368,"column":1}},"loc":{"start":{"line":312,"column":7},"end":{"line":368,"column":1}},"line":312},"18":{"name":"calculateLevel","decl":{"start":{"line":371,"column":7},"end":{"line":400,"column":1}},"loc":{"start":{"line":371,"column":7},"end":{"line":400,"column":1}},"line":371},"19":{"name":"checkAchievements","decl":{"start":{"line":403,"column":7},"end":{"line":417,"column":1}},"loc":{"start":{"line":403,"column":7},"end":{"line":417,"column":1}},"line":403},"20":{"name":"calculateMonthlyBonus","decl":{"start":{"line":420,"column":7},"end":{"line":435,"column":1}},"loc":{"start":{"line":420,"column":7},"end":{"line":435,"column":1}},"line":420},"21":{"name":"getSustainabilityTier","decl":{"start":{"line":438,"column":7},"end":{"line":476,"column":1}},"loc":{"start":{"line":438,"column":7},"end":{"line":476,"column":1}},"line":438},"22":{"name":"confirmPendingPoints","decl":{"start":{"line":479,"column":7},"end":{"line":512,"column":1}},"loc":{"start":{"line":479,"column":7},"end":{"line":512,"column":1}},"line":479},"23":{"name":"shouldConfirmImmediately","decl":{"start":{"line":515,"column":7},"end":{"line":517,"column":1}},"loc":{"start":{"line":515,"column":7},"end":{"line":517,"column":1}},"line":515},"24":{"name":"getUserPointsSummary","decl":{"start":{"line":520,"column":7},"end":{"line":555,"column":1}},"loc":{"start":{"line":520,"column":7},"end":{"line":555,"column":1}},"line":520}},"f":{"0":2,"1":3,"2":3,"3":3,"4":3,"5":3,"6":3,"7":3,"8":3,"9":3,"10":3,"11":3,"12":3,"13":3,"14":3,"15":3,"16":3,"17":5,"18":4,"19":3,"20":4,"21":5,"22":2,"23":3,"24":1}}
}
