TN:
SF:lib\rewards-system.ts
FN:166,condition
FN:174,condition
FN:182,condition
FN:190,condition
FN:198,condition
FN:206,condition
FN:214,condition
FN:222,condition
FN:230,condition
FN:239,condition
FN:248,condition
FN:257,condition
FN:270,condition
FN:278,condition
FN:286,condition
FN:294,condition
FN:302,condition
FN:312,calculateScanPoints
FN:371,calculateLevel
FN:403,checkAchievements
FN:420,calculateMonthlyBonus
FN:438,getSustainabilityTier
FN:479,confirmPendingPoints
FN:515,shouldConfirmImmediately
FN:520,getUserPointsSummary
FNF:25
FNH:25
FNDA:2,condition
FNDA:3,condition
FNDA:3,condition
FNDA:3,condition
FNDA:3,condition
FNDA:3,condition
FNDA:3,condition
FNDA:3,condition
FNDA:3,condition
FNDA:3,condition
FNDA:3,condition
FNDA:3,condition
FNDA:3,condition
FNDA:3,condition
FNDA:3,condition
FNDA:3,condition
FNDA:3,condition
FNDA:5,calculateScanPoints
FNDA:4,calculateLevel
FNDA:3,checkAchievements
FNDA:4,calculateMonthlyBonus
FNDA:5,getSustainabilityTier
FNDA:2,confirmPendingPoints
FNDA:3,shouldConfirmImmediately
FNDA:1,getUserPointsSummary
DA:1,1
DA:2,1
DA:3,1
DA:4,1
DA:5,1
DA:6,1
DA:7,1
DA:8,1
DA:9,1
DA:10,1
DA:11,1
DA:12,1
DA:13,1
DA:14,1
DA:15,1
DA:16,1
DA:17,1
DA:18,1
DA:19,1
DA:20,1
DA:21,1
DA:22,1
DA:23,1
DA:24,1
DA:25,1
DA:26,1
DA:27,1
DA:28,1
DA:29,1
DA:30,1
DA:31,1
DA:32,1
DA:33,1
DA:34,1
DA:35,1
DA:36,1
DA:37,1
DA:38,1
DA:39,1
DA:40,1
DA:41,1
DA:42,1
DA:43,1
DA:44,1
DA:45,1
DA:46,1
DA:47,1
DA:48,1
DA:49,1
DA:50,1
DA:51,1
DA:52,1
DA:53,1
DA:54,1
DA:55,1
DA:56,1
DA:57,1
DA:58,1
DA:59,1
DA:60,1
DA:61,1
DA:62,1
DA:63,1
DA:64,1
DA:65,1
DA:66,1
DA:67,1
DA:68,1
DA:69,1
DA:70,1
DA:71,1
DA:72,1
DA:73,1
DA:74,1
DA:75,1
DA:76,1
DA:77,1
DA:78,1
DA:79,1
DA:80,1
DA:81,1
DA:82,1
DA:83,1
DA:84,1
DA:85,1
DA:86,1
DA:87,1
DA:88,1
DA:89,1
DA:90,1
DA:91,1
DA:92,1
DA:93,1
DA:94,1
DA:95,1
DA:96,1
DA:97,1
DA:98,1
DA:99,1
DA:100,1
DA:101,1
DA:102,1
DA:103,1
DA:104,1
DA:105,1
DA:106,1
DA:107,1
DA:108,1
DA:109,1
DA:110,1
DA:111,1
DA:112,1
DA:113,1
DA:114,1
DA:115,1
DA:116,1
DA:117,1
DA:118,1
DA:119,1
DA:120,1
DA:121,1
DA:122,1
DA:123,1
DA:124,1
DA:125,1
DA:126,1
DA:127,1
DA:128,1
DA:129,1
DA:130,1
DA:131,1
DA:132,1
DA:133,1
DA:134,1
DA:135,1
DA:136,1
DA:137,1
DA:138,1
DA:139,1
DA:140,1
DA:141,1
DA:142,1
DA:143,1
DA:144,1
DA:145,1
DA:146,1
DA:147,1
DA:148,1
DA:149,1
DA:150,1
DA:151,1
DA:152,1
DA:153,1
DA:154,1
DA:155,1
DA:156,1
DA:157,1
DA:158,1
DA:159,1
DA:160,1
DA:161,1
DA:162,1
DA:163,1
DA:164,1
DA:165,1
DA:166,1
DA:167,1
DA:168,1
DA:169,1
DA:170,1
DA:171,1
DA:172,1
DA:173,1
DA:174,1
DA:175,1
DA:176,1
DA:177,1
DA:178,1
DA:179,1
DA:180,1
DA:181,1
DA:182,1
DA:183,1
DA:184,1
DA:185,1
DA:186,1
DA:187,1
DA:188,1
DA:189,1
DA:190,1
DA:191,1
DA:192,1
DA:193,1
DA:194,1
DA:195,1
DA:196,1
DA:197,1
DA:198,1
DA:199,1
DA:200,1
DA:201,1
DA:202,1
DA:203,1
DA:204,1
DA:205,1
DA:206,1
DA:207,1
DA:208,1
DA:209,1
DA:210,1
DA:211,1
DA:212,1
DA:213,1
DA:214,1
DA:215,1
DA:216,1
DA:217,1
DA:218,1
DA:219,1
DA:220,1
DA:221,1
DA:222,1
DA:223,1
DA:224,1
DA:225,1
DA:226,1
DA:227,1
DA:228,1
DA:229,1
DA:230,1
DA:231,3
DA:232,1
DA:233,1
DA:234,1
DA:235,1
DA:236,1
DA:237,1
DA:238,1
DA:239,1
DA:240,3
DA:241,1
DA:242,1
DA:243,1
DA:244,1
DA:245,1
DA:246,1
DA:247,1
DA:248,1
DA:249,3
DA:250,1
DA:251,1
DA:252,1
DA:253,1
DA:254,1
DA:255,1
DA:256,1
DA:257,1
DA:258,3
DA:259,3
DA:260,3
DA:261,3
DA:262,3
DA:263,1
DA:264,1
DA:265,1
DA:266,1
DA:267,1
DA:268,1
DA:269,1
DA:270,1
DA:271,1
DA:272,1
DA:273,1
DA:274,1
DA:275,1
DA:276,1
DA:277,1
DA:278,1
DA:279,1
DA:280,1
DA:281,1
DA:282,1
DA:283,1
DA:284,1
DA:285,1
DA:286,1
DA:287,1
DA:288,1
DA:289,1
DA:290,1
DA:291,1
DA:292,1
DA:293,1
DA:294,1
DA:295,1
DA:296,1
DA:297,1
DA:298,1
DA:299,1
DA:300,1
DA:301,1
DA:302,1
DA:303,3
DA:304,3
DA:305,3
DA:306,1
DA:307,1
DA:308,1
DA:309,1
DA:310,1
DA:311,1
DA:312,1
DA:313,5
DA:314,5
DA:315,5
DA:316,5
DA:317,5
DA:318,5
DA:319,5
DA:320,5
DA:321,5
DA:322,5
DA:323,5
DA:324,5
DA:325,5
DA:326,5
DA:327,5
DA:328,5
DA:329,5
DA:330,5
DA:331,5
DA:332,1
DA:333,1
DA:334,5
DA:335,4
DA:336,4
DA:337,4
DA:338,5
DA:339,5
DA:340,5
DA:341,1
DA:342,1
DA:343,1
DA:344,1
DA:345,5
DA:346,1
DA:347,1
DA:348,1
DA:349,1
DA:350,1
DA:351,5
DA:352,5
DA:353,5
DA:354,3
DA:355,3
DA:356,3
DA:357,3
DA:358,5
DA:359,5
DA:360,5
DA:361,1
DA:362,1
DA:363,1
DA:364,1
DA:365,1
DA:366,5
DA:367,5
DA:368,5
DA:369,1
DA:370,1
DA:371,1
DA:372,4
DA:373,4
DA:374,4
DA:375,4
DA:376,4
DA:377,4
DA:378,4
DA:379,44
DA:380,4
DA:381,4
DA:382,4
DA:383,44
DA:384,4
DA:385,4
DA:386,4
DA:387,4
DA:388,4
DA:389,4
DA:390,4
DA:391,4
DA:392,3
DA:393,3
DA:394,4
DA:395,4
DA:396,4
DA:397,4
DA:398,4
DA:399,4
DA:400,4
DA:401,1
DA:402,1
DA:403,1
DA:404,3
DA:405,3
DA:406,3
DA:407,3
DA:408,51
DA:409,51
DA:410,50
DA:411,51
DA:412,8
DA:413,8
DA:414,51
DA:415,3
DA:416,3
DA:417,3
DA:418,1
DA:419,1
DA:420,1
DA:421,4
DA:422,4
DA:423,4
DA:424,1
DA:425,1
DA:426,1
DA:427,1
DA:428,4
DA:429,1
DA:430,1
DA:431,1
DA:432,1
DA:433,1
DA:434,2
DA:435,2
DA:436,1
DA:437,1
DA:438,1
DA:439,5
DA:440,5
DA:441,5
DA:442,5
DA:443,5
DA:444,5
DA:445,5
DA:446,5
DA:447,1
DA:448,1
DA:449,1
DA:450,1
DA:451,1
DA:452,5
DA:453,1
DA:454,1
DA:455,1
DA:456,1
DA:457,1
DA:458,4
DA:459,1
DA:460,1
DA:461,1
DA:462,1
DA:463,1
DA:464,3
DA:465,1
DA:466,1
DA:467,1
DA:468,1
DA:469,1
DA:470,1
DA:471,1
DA:472,1
DA:473,1
DA:474,1
DA:475,1
DA:476,1
DA:477,1
DA:478,1
DA:479,1
DA:480,2
DA:481,2
DA:482,2
DA:483,2
DA:484,2
DA:485,2
DA:486,2
DA:487,2
DA:488,2
DA:489,2
DA:490,2
DA:491,2
DA:492,2
DA:493,2
DA:494,0
DA:495,0
DA:496,2
DA:497,2
DA:498,2
DA:499,2
DA:500,2
DA:501,2
DA:502,2
DA:503,1
DA:504,1
DA:505,1
DA:506,1
DA:507,1
DA:508,2
DA:509,2
DA:510,2
DA:511,2
DA:512,2
DA:513,1
DA:514,1
DA:515,1
DA:516,3
DA:517,3
DA:518,1
DA:519,1
DA:520,1
DA:521,1
DA:522,1
DA:523,1
DA:524,1
DA:525,1
DA:526,1
DA:527,1
DA:528,1
DA:529,1
DA:530,1
DA:531,1
DA:532,1
DA:533,1
DA:534,1
DA:535,1
DA:536,1
DA:537,1
DA:538,1
DA:539,1
DA:540,1
DA:541,1
DA:542,1
DA:543,1
DA:544,1
DA:545,1
DA:546,1
DA:547,1
DA:548,1
DA:549,1
DA:550,1
DA:551,1
DA:552,1
DA:553,1
DA:554,1
DA:555,1
LF:555
LH:553
BRDA:166,0,0,2
BRDA:166,1,0,0
BRDA:174,2,0,3
BRDA:174,3,0,0
BRDA:182,4,0,3
BRDA:182,5,0,0
BRDA:190,6,0,3
BRDA:190,7,0,0
BRDA:198,8,0,3
BRDA:198,9,0,0
BRDA:206,10,0,3
BRDA:214,11,0,3
BRDA:222,12,0,3
BRDA:230,13,0,3
BRDA:231,14,0,2
BRDA:231,15,0,0
BRDA:239,16,0,3
BRDA:240,17,0,2
BRDA:240,18,0,0
BRDA:248,19,0,3
BRDA:249,20,0,2
BRDA:249,21,0,2
BRDA:249,22,0,0
BRDA:257,23,0,3
BRDA:270,24,0,3
BRDA:278,25,0,3
BRDA:286,26,0,3
BRDA:294,27,0,3
BRDA:302,28,0,3
BRDA:312,29,0,5
BRDA:327,30,0,4
BRDA:331,31,0,1
BRDA:334,32,0,4
BRDA:340,33,0,1
BRDA:345,34,0,4
BRDA:345,35,0,1
BRDA:353,36,0,3
BRDA:360,37,0,1
BRDA:371,38,0,4
BRDA:378,39,0,44
BRDA:379,40,0,4
BRDA:386,41,0,1
BRDA:387,42,0,1
BRDA:390,43,0,1
BRDA:391,44,0,3
BRDA:403,45,0,3
BRDA:405,46,0,0
BRDA:407,47,0,51
BRDA:409,48,0,50
BRDA:411,49,0,8
BRDA:405,50,0,1
BRDA:420,51,0,4
BRDA:423,52,0,0
BRDA:423,53,0,2
BRDA:423,54,0,0
BRDA:423,55,0,1
BRDA:428,56,0,3
BRDA:428,57,0,0
BRDA:428,58,0,2
BRDA:428,59,0,0
BRDA:428,60,0,1
BRDA:433,61,0,2
BRDA:438,62,0,5
BRDA:446,63,0,1
BRDA:446,64,0,1
BRDA:452,65,0,4
BRDA:452,66,0,1
BRDA:452,67,0,1
BRDA:458,68,0,3
BRDA:458,69,0,1
BRDA:458,70,0,1
BRDA:464,71,0,2
BRDA:464,72,0,1
BRDA:470,73,0,1
BRDA:479,74,0,2
BRDA:493,75,0,0
BRDA:502,76,0,1
BRDA:515,77,0,3
BRDA:520,78,0,1
BRDA:526,79,0,0
BRDA:527,80,0,0
BRF:81
BRH:65
end_of_record
